  Source.cpp
C:\Users\Erik\source\repos\SMLF_CHESS\SMFL_CHESS\ChessPieceBase.h(4,10): warning C4067: unexpected tokens following preprocessor directive - expected a newline
  (compiling source file 'Source.cpp')
  
C:\Users\Erik\source\repos\SMLF_CHESS\SMFL_CHESS\Enums.h(1,96): warning C4091: 'extern ': ignored on left of 'ChessPieceTypes' when no variable is declared
  (compiling source file 'Source.cpp')
  
C:\Users\Erik\source\repos\SMLF_CHESS\SMFL_CHESS\ChessPieceBase.h(47,17): warning C4244: 'initializing': conversion from 'float' to 'int', possible loss of data
  (compiling source file 'Source.cpp')
  
C:\Users\Erik\source\repos\SMLF_CHESS\SMFL_CHESS\ChessPieceBase.h(48,17): warning C4244: 'initializing': conversion from 'float' to 'int', possible loss of data
  (compiling source file 'Source.cpp')
  
C:\Users\Erik\source\repos\SMLF_CHESS\SMFL_CHESS\ChessPieceBase.h(50,34): warning C4244: 'argument': conversion from 'int' to 'T', possible loss of data
C:\Users\Erik\source\repos\SMLF_CHESS\SMFL_CHESS\ChessPieceBase.h(50,34): warning C4244:         with
C:\Users\Erik\source\repos\SMLF_CHESS\SMFL_CHESS\ChessPieceBase.h(50,34): warning C4244:         [
C:\Users\Erik\source\repos\SMLF_CHESS\SMFL_CHESS\ChessPieceBase.h(50,34): warning C4244:             T=float
C:\Users\Erik\source\repos\SMLF_CHESS\SMFL_CHESS\ChessPieceBase.h(50,34): warning C4244:         ]
  (compiling source file 'Source.cpp')
  
C:\Users\Erik\source\repos\SMLF_CHESS\SMFL_CHESS\ChessPieceBase.h(50,23): warning C4244: 'argument': conversion from 'int' to 'T', possible loss of data
C:\Users\Erik\source\repos\SMLF_CHESS\SMFL_CHESS\ChessPieceBase.h(50,23): warning C4244:         with
C:\Users\Erik\source\repos\SMLF_CHESS\SMFL_CHESS\ChessPieceBase.h(50,23): warning C4244:         [
C:\Users\Erik\source\repos\SMLF_CHESS\SMFL_CHESS\ChessPieceBase.h(50,23): warning C4244:             T=float
C:\Users\Erik\source\repos\SMLF_CHESS\SMFL_CHESS\ChessPieceBase.h(50,23): warning C4244:         ]
  (compiling source file 'Source.cpp')
  
C:\Users\Erik\source\repos\SMLF_CHESS\SMFL_CHESS\Source.cpp(39,62): warning C4244: 'argument': conversion from 'int' to 'T', possible loss of data
C:\Users\Erik\source\repos\SMLF_CHESS\SMFL_CHESS\Source.cpp(39,62): warning C4244:         with
C:\Users\Erik\source\repos\SMLF_CHESS\SMFL_CHESS\Source.cpp(39,62): warning C4244:         [
C:\Users\Erik\source\repos\SMLF_CHESS\SMFL_CHESS\Source.cpp(39,62): warning C4244:             T=float
C:\Users\Erik\source\repos\SMLF_CHESS\SMFL_CHESS\Source.cpp(39,62): warning C4244:         ]
C:\Users\Erik\source\repos\SMLF_CHESS\SMFL_CHESS\Source.cpp(40,61): warning C4244: 'argument': conversion from 'int' to 'T', possible loss of data
C:\Users\Erik\source\repos\SMLF_CHESS\SMFL_CHESS\Source.cpp(40,61): warning C4244:         with
C:\Users\Erik\source\repos\SMLF_CHESS\SMFL_CHESS\Source.cpp(40,61): warning C4244:         [
C:\Users\Erik\source\repos\SMLF_CHESS\SMFL_CHESS\Source.cpp(40,61): warning C4244:             T=float
C:\Users\Erik\source\repos\SMLF_CHESS\SMFL_CHESS\Source.cpp(40,61): warning C4244:         ]
C:\Users\Erik\source\repos\SMLF_CHESS\SMFL_CHESS\Source.cpp(49,71): warning C4244: 'argument': conversion from 'int' to 'T', possible loss of data
C:\Users\Erik\source\repos\SMLF_CHESS\SMFL_CHESS\Source.cpp(49,71): warning C4244:         with
C:\Users\Erik\source\repos\SMLF_CHESS\SMFL_CHESS\Source.cpp(49,71): warning C4244:         [
C:\Users\Erik\source\repos\SMLF_CHESS\SMFL_CHESS\Source.cpp(49,71): warning C4244:             T=float
C:\Users\Erik\source\repos\SMLF_CHESS\SMFL_CHESS\Source.cpp(49,71): warning C4244:         ]
C:\Users\Erik\source\repos\SMLF_CHESS\SMFL_CHESS\Source.cpp(49,59): warning C4244: 'argument': conversion from 'int' to 'T', possible loss of data
C:\Users\Erik\source\repos\SMLF_CHESS\SMFL_CHESS\Source.cpp(49,59): warning C4244:         with
C:\Users\Erik\source\repos\SMLF_CHESS\SMFL_CHESS\Source.cpp(49,59): warning C4244:         [
C:\Users\Erik\source\repos\SMLF_CHESS\SMFL_CHESS\Source.cpp(49,59): warning C4244:             T=float
C:\Users\Erik\source\repos\SMLF_CHESS\SMFL_CHESS\Source.cpp(49,59): warning C4244:         ]
C:\Users\Erik\source\repos\SMLF_CHESS\SMFL_CHESS\Source.cpp(50,70): warning C4244: 'argument': conversion from 'int' to 'T', possible loss of data
C:\Users\Erik\source\repos\SMLF_CHESS\SMFL_CHESS\Source.cpp(50,70): warning C4244:         with
C:\Users\Erik\source\repos\SMLF_CHESS\SMFL_CHESS\Source.cpp(50,70): warning C4244:         [
C:\Users\Erik\source\repos\SMLF_CHESS\SMFL_CHESS\Source.cpp(50,70): warning C4244:             T=float
C:\Users\Erik\source\repos\SMLF_CHESS\SMFL_CHESS\Source.cpp(50,70): warning C4244:         ]
C:\Users\Erik\source\repos\SMLF_CHESS\SMFL_CHESS\Source.cpp(50,58): warning C4244: 'argument': conversion from 'int' to 'T', possible loss of data
C:\Users\Erik\source\repos\SMLF_CHESS\SMFL_CHESS\Source.cpp(50,58): warning C4244:         with
C:\Users\Erik\source\repos\SMLF_CHESS\SMFL_CHESS\Source.cpp(50,58): warning C4244:         [
C:\Users\Erik\source\repos\SMLF_CHESS\SMFL_CHESS\Source.cpp(50,58): warning C4244:             T=float
C:\Users\Erik\source\repos\SMLF_CHESS\SMFL_CHESS\Source.cpp(50,58): warning C4244:         ]
C:\Users\Erik\source\repos\SMLF_CHESS\SMFL_CHESS\Source.cpp(52,72): warning C4244: 'argument': conversion from 'int' to 'T', possible loss of data
C:\Users\Erik\source\repos\SMLF_CHESS\SMFL_CHESS\Source.cpp(52,72): warning C4244:         with
C:\Users\Erik\source\repos\SMLF_CHESS\SMFL_CHESS\Source.cpp(52,72): warning C4244:         [
C:\Users\Erik\source\repos\SMLF_CHESS\SMFL_CHESS\Source.cpp(52,72): warning C4244:             T=float
C:\Users\Erik\source\repos\SMLF_CHESS\SMFL_CHESS\Source.cpp(52,72): warning C4244:         ]
C:\Users\Erik\source\repos\SMLF_CHESS\SMFL_CHESS\Source.cpp(52,54): warning C4244: 'argument': conversion from 'int' to 'T', possible loss of data
C:\Users\Erik\source\repos\SMLF_CHESS\SMFL_CHESS\Source.cpp(52,54): warning C4244:         with
C:\Users\Erik\source\repos\SMLF_CHESS\SMFL_CHESS\Source.cpp(52,54): warning C4244:         [
C:\Users\Erik\source\repos\SMLF_CHESS\SMFL_CHESS\Source.cpp(52,54): warning C4244:             T=float
C:\Users\Erik\source\repos\SMLF_CHESS\SMFL_CHESS\Source.cpp(52,54): warning C4244:         ]
C:\Users\Erik\source\repos\SMLF_CHESS\SMFL_CHESS\Source.cpp(69,35): warning C4091: '': ignored on left of 'std::vector<main::ChessCharacter,std::allocator<main::ChessCharacter>>' when no variable is declared
C:\Users\Erik\source\repos\SMLF_CHESS\SMFL_CHESS\Source.cpp(80,74): warning C4244: 'argument': conversion from 'int' to 'T', possible loss of data
C:\Users\Erik\source\repos\SMLF_CHESS\SMFL_CHESS\Source.cpp(80,74): warning C4244:         with
C:\Users\Erik\source\repos\SMLF_CHESS\SMFL_CHESS\Source.cpp(80,74): warning C4244:         [
C:\Users\Erik\source\repos\SMLF_CHESS\SMFL_CHESS\Source.cpp(80,74): warning C4244:             T=float
C:\Users\Erik\source\repos\SMLF_CHESS\SMFL_CHESS\Source.cpp(80,74): warning C4244:         ]
C:\Users\Erik\source\repos\SMLF_CHESS\SMFL_CHESS\Source.cpp(80,55): warning C4244: 'argument': conversion from 'int' to 'T', possible loss of data
C:\Users\Erik\source\repos\SMLF_CHESS\SMFL_CHESS\Source.cpp(80,55): warning C4244:         with
C:\Users\Erik\source\repos\SMLF_CHESS\SMFL_CHESS\Source.cpp(80,55): warning C4244:         [
C:\Users\Erik\source\repos\SMLF_CHESS\SMFL_CHESS\Source.cpp(80,55): warning C4244:             T=float
C:\Users\Erik\source\repos\SMLF_CHESS\SMFL_CHESS\Source.cpp(80,55): warning C4244:         ]
  SMFL_CHESS.vcxproj -> C:\Users\Erik\source\repos\SMLF_CHESS\x64\Debug\SMFL_CHESS.exe
